<?xml version="1.0" encoding="UTF-8"?>
<TestRun id="7b20166c-dc97-4b84-be90-776ae727a234" name="Ja@PC-995 2011-10-14 10:01:57" runUser="STRANDMOLLEN\Ja" xmlns="http://microsoft.com/schemas/VisualStudio/TeamTest/2006">
  <TestRunConfiguration name="Local Test Run" id="310dc2cf-7a27-43da-8803-7cf402a5e94e">
    <Description>This is a default test run configuration for a local test run.</Description>
    <Deployment runDeploymentRoot="Z:\Visual Studio Projects\Projects\MedBatch\TestResults\Ja_PC-995 2011-10-14 10_01_57">
      <DeploymentItem filename="Z:\Visual Studio Projects\Projects\MedBatch\MedBatch\bin\Debug\MedBatch.exe" />
    </Deployment>
    <TestTypeSpecific />
  </TestRunConfiguration>
  <ResultSummary outcome="Error">
    <Counters total="1" error="0" failed="0" timeout="0" aborted="0" inconclusive="0" passedButRunAborted="0" notRunnable="0" notExecuted="1" disconnected="0" warning="0" passed="0" completed="0" inProgress="0" pending="0" />
    <RunInfos>
      <RunInfo computerName="PC-995" outcome="Error" timestamp="2011-10-14T10:01:58.5530760+02:00">
        <Text>Failed to queue test run 'Ja@PC-995 2011-10-14 10:01:57': Test Run deployment issue: The location of the file or directory 'z:\visual studio projects\projects\medbatch\testcontentlabel\bin\debug\testcontentlabel.dll' is not trusted.</Text>
        <Exception>Microsoft.VisualStudio.TestTools.TestManagement.ExecutionException: Test Run deployment issue: The location of the file or directory 'z:\visual studio projects\projects\medbatch\testcontentlabel\bin\debug\testcontentlabel.dll' is not trusted.
   at Microsoft.VisualStudio.TestTools.TestManagement.DeploymentManager.DoDeployment(TestRun run, FileCopyService fileCopyService)
   at Microsoft.VisualStudio.TestTools.TestManagement.ControllerProxy.SetupTestRun(TestRun run, Boolean isNewTestRun, FileCopyService&amp; fileCopyService)
   at Microsoft.VisualStudio.TestTools.TestManagement.ControllerProxy.QueueTestRunWorker(Object state)</Exception>
      </RunInfo>
    </RunInfos>
  </ResultSummary>
  <Times creation="2011-10-14T10:01:57.6929900+02:00" queuing="2011-10-14T10:01:57.6929900+02:00" start="2011-10-14T10:01:57.6929900+02:00" finish="2011-10-14T10:01:58.5830790+02:00" />
  <TestDefinitions>
    <UnitTest name="N2O_SetVnrTest" storage="z:\visual studio projects\projects\medbatch\testcontentlabel\bin\debug\testcontentlabel.dll" id="2a08296d-3be7-2b57-ca7a-188a65ead2c9">
      <Css projectStructure="" iteration="" />
      <Owners>
        <Owner name="" />
      </Owners>
      <DeploymentItems>
        <DeploymentItem filename="MedBatch.exe" />
      </DeploymentItems>
      <TestMethod codeBase="Z:\Visual Studio Projects\Projects\MedBatch\TestContentLabel\bin\Debug\TestContentLabel.dll" adapterTypeName="Microsoft.VisualStudio.TestTools.TestTypes.Unit.UnitTestAdapter, Microsoft.VisualStudio.QualityTools.Tips.UnitTest.Adapter, Version=9.0.0.0, Culture=neutral, PublicKeyToken=b03f5f7f11d50a3a" className="TestContentLabel.Form1Test, TestContentLabel" name="N2O_SetVnrTest" />
    </UnitTest>
  </TestDefinitions>
  <TestLists>
    <TestList name="Results Not in a List" id="8c84fa94-04c1-424b-9868-57a2d4851a1d" />
    <TestList name="All Loaded Results" id="19431567-8539-422a-85d7-44ee4e166bda" />
  </TestLists>
  <TestEntries>
    <TestEntry testId="2a08296d-3be7-2b57-ca7a-188a65ead2c9" executionId="8ba37c6e-c523-4e97-8c8e-0faa6e419691" testListId="8c84fa94-04c1-424b-9868-57a2d4851a1d" />
  </TestEntries>
  <Results>
    <UnitTestResult executionId="8ba37c6e-c523-4e97-8c8e-0faa6e419691" testId="2a08296d-3be7-2b57-ca7a-188a65ead2c9" testName="N2O_SetVnrTest" computerName="PC-995" duration="00:00:00" startTime="0001-01-01T01:00:00.0000000+01:00" endTime="0001-01-01T01:00:00.0000000+01:00" testType="13cdc9d9-ddb5-4fa4-a97d-d965ccfc6d4b" outcome="NotExecuted" testListId="8c84fa94-04c1-424b-9868-57a2d4851a1d">
    </UnitTestResult>
  </Results>
</TestRun>